0 info it worked if it ends with ok
1 verbose cli [ '/usr/local/bin/node', '/usr/local/bin/npm', 'run', 'build' ]
2 info using npm@2.15.5
3 info using node@v4.4.5
4 verbose run-script [ 'prebuild', 'build', 'postbuild' ]
5 info prebuild angular-webpack-init@0.0.1
6 info build angular-webpack-init@0.0.1
7 verbose unsafe-perm in lifecycle true
8 info angular-webpack-init@0.0.1 Failed to exec build script
9 verbose stack Error: angular-webpack-init@0.0.1 build: `webpack --bail --progress --profile`
9 verbose stack Exit status 255
9 verbose stack     at EventEmitter.<anonymous> (/usr/local/lib/node_modules/npm/lib/utils/lifecycle.js:217:16)
9 verbose stack     at emitTwo (events.js:87:13)
9 verbose stack     at EventEmitter.emit (events.js:172:7)
9 verbose stack     at ChildProcess.<anonymous> (/usr/local/lib/node_modules/npm/lib/utils/spawn.js:24:14)
9 verbose stack     at emitTwo (events.js:87:13)
9 verbose stack     at ChildProcess.emit (events.js:172:7)
9 verbose stack     at maybeClose (internal/child_process.js:827:16)
9 verbose stack     at Process.ChildProcess._handle.onexit (internal/child_process.js:211:5)
10 verbose pkgid angular-webpack-init@0.0.1
11 verbose cwd /Users/isejaa/repo/angular-webpack-init
12 error Darwin 15.6.0
13 error argv "/usr/local/bin/node" "/usr/local/bin/npm" "run" "build"
14 error node v4.4.5
15 error npm  v2.15.5
16 error code ELIFECYCLE
17 error angular-webpack-init@0.0.1 build: `webpack --bail --progress --profile`
17 error Exit status 255
18 error Failed at the angular-webpack-init@0.0.1 build script 'webpack --bail --progress --profile'.
18 error This is most likely a problem with the angular-webpack-init package,
18 error not with npm itself.
18 error Tell the author that this fails on your system:
18 error     webpack --bail --progress --profile
18 error You can get information on how to open an issue for this project with:
18 error     npm bugs angular-webpack-init
18 error Or if that isn't available, you can get their info via:
18 error
18 error     npm owner ls angular-webpack-init
18 error There is likely additional logging output above.
19 verbose exit [ 1, true ]
